<?xml version="1.0" encoding="UTF-8"?>
<robot generator="Robot 5.0.1 (Python 3.9.13 on win32)" generated="20230108 23:06:16.472" rpa="true" schemaversion="3">
<suite id="s1" name="Program Target" source="c:\EDrive\VSCODE\MDB\Program_Target.robot">
<test id="s1-t1" name="Open and Setup mdb" line="24">
<kw name="Call mdb" library="mdbsetup">
<var>${Prog_Tar}</var>
<arg>ATSAML21J18B</arg>
<arg>edbg</arg>
<arg>ATML2241040200002638</arg>
<arg>C:/EDrive/VSCODE/MDB/MDB_SAML21.X.production.hex</arg>
<msg timestamp="20230108 23:06:50.613" level="INFO">${Prog_Tar} = True</msg>
<status status="PASS" starttime="20230108 23:06:18.716" endtime="20230108 23:06:50.616"/>
</kw>
<kw name="Should Be True" library="BuiltIn">
<arg>${Prog_Tar}</arg>
<arg>"Programming Successful"</arg>
<doc>Fails if the given condition is not true.</doc>
<status status="PASS" starttime="20230108 23:06:50.617" endtime="20230108 23:06:50.618"/>
</kw>
<status status="PASS" starttime="20230108 23:06:18.714" endtime="20230108 23:06:50.618"/>
</test>
<doc>This is to program a device with mdb.</doc>
<status status="PASS" starttime="20230108 23:06:16.491" endtime="20230108 23:06:50.621"/>
</suite>
<statistics>
<total>
<stat pass="1" fail="0" skip="0">All Tasks</stat>
</total>
<tag>
</tag>
<suite>
<stat pass="1" fail="0" skip="0" id="s1" name="Program Target">Program Target</stat>
</suite>
</statistics>
<errors>
</errors>
</robot>
